Arguments: 
  D:\Node\node.exe C:\Program Files (x86)\bin\yarn.js add Now

PATH: 
  C:\Users\kenni\bin;D:\Git\mingw64\bin;D:\Git\usr\local\bin;D:\Git\usr\bin;D:\Git\usr\bin;D:\Git\mingw64\bin;D:\Git\usr\bin;C:\Users\kenni\bin;C:\Program Files\Oculus\Support\oculus-runtime;C:\Program Files (x86)\Common Files\Oracle\Java\javapath;C:\Program Files (x86)\Razer Chroma SDK\bin;C:\Program Files\Razer Chroma SDK\bin;C:\Windows\system32;C:\Windows;C:\Windows\System32\Wbem;C:\Windows\System32\WindowsPowerShell\v1.0;C:\Windows\system32\config\systemprofile\AppData\Local\Microsoft\WindowsApps;C:\Program Files (x86)\NVIDIA Corporation\PhysX\Common;C:\WINDOWS\system32;C:\WINDOWS;C:\WINDOWS\System32\Wbem;C:\WINDOWS\System32\WindowsPowerShell\v1.0;C:\WINDOWS\System32\OpenSSH;C:\Program Files\NVIDIA Corporation\NVIDIA NvDLISR;C:\Program Files\NVIDIA Corporation\NVIDIA NGX;C:\WINDOWS\system32;C:\WINDOWS;C:\WINDOWS\System32\Wbem;C:\WINDOWS\System32\WindowsPowerShell\v1.0;C:\WINDOWS\System32\OpenSSH;D:\Node;D:\Git\cmd;C:\Program Files (x86)\bin;C:\Users\kenni\AppData\Local\Microsoft\WindowsApps;C:\Users\kenni\AppData\Roaming\Dashlane\5.3.1.13504\bin\Firefox_Extension\{442718d9-475e-452a-b3e1-fb1ee16b8e9f}\components;C:\Users\kenni\AppData\Roaming\Dashlane\5.3.1.13504\ucrt;C:\Users\kenni\AppData\Local\Programs\Microsoft VS Code\bin;C:\Users\kenni\AppData\Roaming\npm;C:\Users\kenni\AppData\Local\Yarn\bin;D:\Git\usr\bin\vendor_perl;D:\Git\usr\bin\core_perl

Yarn version: 
  1.21.1

Node version: 
  12.13.1

Platform: 
  win32 x64

Trace: 
  Error: https://registry.yarnpkg.com/Now: Not found
      at Request.params.callback [as _callback] (C:\Program Files (x86)\lib\cli.js:66056:18)
      at Request.self.callback (C:\Program Files (x86)\lib\cli.js:140665:22)
      at Request.emit (events.js:210:5)
      at Request.<anonymous> (C:\Program Files (x86)\lib\cli.js:141637:10)
      at Request.emit (events.js:210:5)
      at IncomingMessage.<anonymous> (C:\Program Files (x86)\lib\cli.js:141559:12)
      at Object.onceWrapper (events.js:299:28)
      at IncomingMessage.emit (events.js:215:7)
      at endReadableNT (_stream_readable.js:1184:12)
      at processTicksAndRejections (internal/process/task_queues.js:80:21)

npm manifest: 
  {
    "dependencies": {
      "redux": "^4.0.5"
    }
  }

yarn manifest: 
  No manifest

Lockfile: 
  # THIS IS AN AUTOGENERATED FILE. DO NOT EDIT THIS FILE DIRECTLY.
  # yarn lockfile v1
  
  
  "js-tokens@^3.0.0 || ^4.0.0":
    version "4.0.0"
    resolved "https://registry.yarnpkg.com/js-tokens/-/js-tokens-4.0.0.tgz#19203fb59991df98e3a287050d4647cdeaf32499"
    integrity sha512-RdJUflcE3cUzKiMqQgsCu06FPu9UdIJO0beYbPhHN4k6apgJtifcoCtT9bcxOpYBtpD2kCM6Sbzg4CausW/PKQ==
  
  loose-envify@^1.4.0:
    version "1.4.0"
    resolved "https://registry.yarnpkg.com/loose-envify/-/loose-envify-1.4.0.tgz#71ee51fa7be4caec1a63839f7e682d8132d30caf"
    integrity sha512-lyuxPGr/Wfhrlem2CL/UcnUc1zcqKAImBDzukY7Y5F/yQiNdko6+fRLevlw1HgMySw7f611UIY408EtxRSoK3Q==
    dependencies:
      js-tokens "^3.0.0 || ^4.0.0"
  
  redux@^4.0.5:
    version "4.0.5"
    resolved "https://registry.yarnpkg.com/redux/-/redux-4.0.5.tgz#4db5de5816e17891de8a80c424232d06f051d93f"
    integrity sha512-VSz1uMAH24DM6MF72vcojpYPtrTUu3ByVWfPL1nPfVRb5mZVTve5GnNCUV53QM/BZ66xfWrm0CTWoM+Xlz8V1w==
    dependencies:
      loose-envify "^1.4.0"
      symbol-observable "^1.2.0"
  
  symbol-observable@^1.2.0:
    version "1.2.0"
    resolved "https://registry.yarnpkg.com/symbol-observable/-/symbol-observable-1.2.0.tgz#c22688aed4eab3cdc2dfeacbb561660560a00804"
    integrity sha512-e900nM8RRtGhlV36KGEU9k65K3mPb1WV70OdjfxlG2EAuM1noi/E/BaW/uMhL7bPEssK8QV57vN3esixjUvcXQ==
